  MyProject.cpp
C:\Users\Davide\Desktop\working rocket\MyProject.hpp(272,20): warning C4099: 'Model': il nome del tipo che in precedenza utilizzava 'struct' ora utilizza 'class'
C:\Users\Davide\Desktop\working rocket\MyProject.hpp(181): message : vedere la dichiarazione di 'Model'
C:\Users\Davide\Desktop\working rocket\MyProject.hpp(273,22): warning C4099: 'Texture': il nome del tipo che in precedenza utilizzava 'struct' ora utilizza 'class'
C:\Users\Davide\Desktop\working rocket\MyProject.hpp(203): message : vedere la dichiarazione di 'Texture'
C:\Users\Davide\Desktop\working rocket\MyProject.hpp(274,23): warning C4099: 'Pipeline': il nome del tipo che in precedenza utilizzava 'struct' ora utilizza 'class'
C:\Users\Davide\Desktop\working rocket\MyProject.hpp(235): message : vedere la dichiarazione di 'Pipeline'
C:\Users\Davide\Desktop\working rocket\MyProject.hpp(275,34): warning C4099: 'DescriptorSetLayout': il nome del tipo che in precedenza utilizzava 'struct' ora utilizza 'class'
C:\Users\Davide\Desktop\working rocket\MyProject.hpp(227): message : vedere la dichiarazione di 'DescriptorSetLayout'
C:\Users\Davide\Desktop\working rocket\MyProject.hpp(276,28): warning C4099: 'DescriptorSet': il nome del tipo che in precedenza utilizzava 'struct' ora utilizza 'class'
C:\Users\Davide\Desktop\working rocket\MyProject.hpp(256): message : vedere la dichiarazione di 'DescriptorSet'
C:\Users\Davide\Desktop\working rocket\MyProject.hpp(1431,1): warning C4267: 'argomento': conversione da 'size_t' a 'int'. Possibile perdita di dati.
C:\Users\Davide\Desktop\working rocket\MyProject.hpp(1661,39): warning C4267: 'argomento': conversione da 'size_t' a '_Ty'. Possibile perdita di dati.
          with
          [
              _Ty=unsigned int
          ]
C:\Users\Davide\Desktop\working rocket\MyProject.hpp(2011,48): warning C4267: '=': conversione da 'size_t' a 'uint32_t'. Possibile perdita di dati.
C:\Users\Davide\Desktop\working rocket\MyProject.cpp(9,39): warning C4305: 'inizializzazione': troncamento da 'double' a 'float'
C:\Users\Davide\Desktop\working rocket\MyProject.cpp(343,18): warning C4244: 'inizializzazione': conversione da 'double' a 'float'. Possibile perdita di dati.
C:\Users\Davide\Desktop\working rocket\MyProject.cpp(384,11): warning C4244: 'inizializzazione': conversione da 'double' a 'float'. Possibile perdita di dati.
C:\Users\Davide\Desktop\working rocket\MyProject.cpp(419,20): warning C4244: 'inizializzazione': conversione da 'double' a 'float'. Possibile perdita di dati.
C:\Users\Davide\Desktop\working rocket\MyProject.cpp(470,46): warning C4244: '=': conversione da 'double' a 'T'. Possibile perdita di dati.
          with
          [
              T=float
          ]
C:\Users\Davide\Desktop\working rocket\MyProject.cpp(471,46): warning C4244: '=': conversione da 'double' a 'T'. Possibile perdita di dati.
          with
          [
              T=float
          ]
C:\Users\Davide\Desktop\working rocket\MyProject.cpp(473,47): warning C4244: '=': conversione da 'double' a 'T'. Possibile perdita di dati.
          with
          [
              T=float
          ]
LINK : warning LNK4098: la libreria predefinita 'MSVCRT' è in conflitto con l'utilizzo di altre librerie; usare /NODEFAULTLIB:libreria
  working rocket.vcxproj -> C:\Users\Davide\Desktop\working rocket\x64\Debug\working rocket.exe
